Mon, Aug 19, 2024 12:15:53 - Geri Sayım Süresi başladı
Mon Aug 19 14:49:13 TST 2024 - Geri Sayım Süresi başladı
Mon Aug 19 14:49:16 TST 2024 - Geri Sayım Süresi bitti
Mon Aug 19 14:56:48 TST 2024 - Geri Sayım Süresi başladı
Mon Aug 19 14:56:51 TST 2024 - Geri Sayım Süresi bitti
Mon Aug 19 14:57:48 TST 2024 - Geri Sayım Süresi başladı
Mon Aug 19 14:57:52 TST 2024 - Geri Sayım Süresi bitti
Mon Aug 19 14:59:13 TST 2024 - Geri Sayım Süresi başladı
Mon Aug 19 14:59:16 TST 2024 - Geri Sayım Süresi bitti
Mon Aug 19 15:02:13 TST 2024 - Geri Sayım Süresi başladı
Mon Aug 19 15:02:16 TST 2024 - Geri Sayım Süresi bitti
Mon Aug 19 15:04:15 TST 2024 - Geri Sayım Süresi başladı
Mon Aug 19 15:04:18 TST 2024 - Geri Sayım Süresi bitti
Wed Aug 21 09:17:28 TST 2024 - Geri Sayım Süresi başladı
Wed Aug 21 09:17:31 TST 2024 - Geri Sayım Süresi bitti
Wed Aug 21 09:19:53 TST 2024 - Geri Sayım Süresi başladı
Wed Aug 21 09:19:56 TST 2024 - Geri Sayım Süresi bitti
Wed Aug 21 09:22:13 TST 2024 - Geri Sayım Süresi başladı
Wed Aug 21 09:22:16 TST 2024 - Geri Sayım Süresi bitti
Wed Aug 21 09:26:32 TST 2024 - Geri Sayım Süresi başladı
Wed Aug 21 09:26:35 TST 2024 - Geri Sayım Süresi bitti
Wed Aug 21 09:47:12 TST 2024 - Geri Sayım Süresi başladı
Wed Aug 21 09:47:15 TST 2024 - Geri Sayım Süresi bitti
Wed Aug 21 09:47:20 TST 2024 - Geri Sayım Süresi başladı
Wed Aug 21 09:47:23 TST 2024 - Geri Sayım Süresi bitti
Wed Aug 21 09:47:34 TST 2024 - Geri Sayım Süresi başladı
Wed Aug 21 09:47:37 TST 2024 - Geri Sayım Süresi bitti
Wed Aug 21 09:48:56 TST 2024 - Geri Sayım Süresi başladı
Wed Aug 21 09:49:00 TST 2024 - Geri Sayım Süresi bitti
Wed Aug 21 09:50:07 TST 2024 - Geri Sayım Süresi başladı
Wed Aug 21 09:50:10 TST 2024 - Geri Sayım Süresi bitti
Wed Aug 21 09:53:05 TST 2024 - Geri Sayım Süresi başladı
Wed Aug 21 09:53:08 TST 2024 - Geri Sayım Süresi bitti
Wed Aug 21 09:53:52 TST 2024 - Geri Sayım Süresi başladı
Wed Aug 21 09:53:55 TST 2024 - Geri Sayım Süresi bitti
Wed Aug 21 09:54:04 TST 2024 - Geri Sayım Süresi başladı
Wed Aug 21 09:54:07 TST 2024 - Geri Sayım Süresi bitti
Wed Aug 21 09:59:14 TST 2024 - Geri Sayım Süresi başladı
Wed Aug 21 09:59:17 TST 2024 - Geri Sayım Süresi bitti
Wed Aug 21 10:00:44 TST 2024 - Geri Sayım Süresi başladı
Wed Aug 21 10:00:47 TST 2024 - Geri Sayım Süresi bitti
Wed Aug 21 10:01:37 TST 2024 - Geri Sayım Süresi başladı
Wed Aug 21 10:01:40 TST 2024 - Geri Sayım Süresi bitti
Wed Aug 21 10:02:23 TST 2024 - Geri Sayım Süresi başladı
Wed Aug 21 10:02:26 TST 2024 - Geri Sayım Süresi bitti
Wed Aug 21 10:04:38 TST 2024 - Geri Sayım Süresi başladı
Wed Aug 21 10:04:42 TST 2024 - Geri Sayım Süresi bitti
Wed Aug 21 10:05:09 TST 2024 - Geri Sayım Süresi başladı
Wed Aug 21 10:05:13 TST 2024 - Geri Sayım Süresi bitti
Wed Aug 21 10:11:57 TST 2024 - Geri Sayım Süresi başladı
Wed Aug 21 10:12:01 TST 2024 - Geri Sayım Süresi bitti
Wed Aug 21 10:12:11 TST 2024 - Geri Sayım Süresi başladı
Wed Aug 21 10:12:14 TST 2024 - Geri Sayım Süresi bitti
Wed Aug 21 10:37:27 TST 2024 - Geri Sayım Süresi başladı
Wed Aug 21 10:37:31 TST 2024 - Geri Sayım Süresi bitti
Wed Aug 21 10:37:35 TST 2024 - Geri Sayım Süresi başladı
Wed Aug 21 10:37:38 TST 2024 - Geri Sayım Süresi bitti
Wed Aug 21 10:37:39 TST 2024 - Geri Sayım Süresi başladı
Wed Aug 21 10:37:42 TST 2024 - Geri Sayım Süresi bitti
Wed Aug 21 10:37:43 TST 2024 - Geri Sayım Süresi başladı
Wed Aug 21 10:37:46 TST 2024 - Geri Sayım Süresi bitti
Wed Aug 21 10:37:47 TST 2024 - Geri Sayım Süresi başladı
Wed Aug 21 10:37:50 TST 2024 - Geri Sayım Süresi bitti
Wed Aug 21 10:37:51 TST 2024 - Geri Sayım Süresi başladı
Wed Aug 21 10:37:54 TST 2024 - Geri Sayım Süresi bitti
Wed Aug 21 10:37:55 TST 2024 - Geri Sayım Süresi başladı
Wed Aug 21 10:37:58 TST 2024 - Geri Sayım Süresi bitti
Wed Aug 21 10:37:58 TST 2024 - Geri Sayım Süresi başladı
Wed Aug 21 10:38:02 TST 2024 - Geri Sayım Süresi bitti
Wed Aug 21 10:38:02 TST 2024 - Geri Sayım Süresi başladı
Wed Aug 21 10:38:05 TST 2024 - Geri Sayım Süresi bitti
Wed Aug 21 10:38:38 TST 2024 - Geri Sayım Süresi başladı
Wed Aug 21 10:38:41 TST 2024 - Geri Sayım Süresi bitti
